::1 - - [22/May/2016:22:20:44 +0000] "GET / HTTP/1.1" 200 1240 "-" "Mozilla/5.0 (Windows NT 6.1; WOW64) AppleWebKit/537.36 (KHTML, like Gecko) Chrome/50.0.2661.102 Safari/537.36"
::1 - - [22/May/2016:22:20:44 +0000] "GET /css/bootstrap.min.css HTTP/1.1" 304 - "http://localhost:3000/" "Mozilla/5.0 (Windows NT 6.1; WOW64) AppleWebKit/537.36 (KHTML, like Gecko) Chrome/50.0.2661.102 Safari/537.36"
::1 - - [22/May/2016:22:20:44 +0000] "GET /style.css HTTP/1.1" 200 74 "http://localhost:3000/" "Mozilla/5.0 (Windows NT 6.1; WOW64) AppleWebKit/537.36 (KHTML, like Gecko) Chrome/50.0.2661.102 Safari/537.36"
::1 - - [22/May/2016:22:20:45 +0000] "GET /jquery.min.js HTTP/1.1" 404 26 "http://localhost:3000/" "Mozilla/5.0 (Windows NT 6.1; WOW64) AppleWebKit/537.36 (KHTML, like Gecko) Chrome/50.0.2661.102 Safari/537.36"
::1 - - [22/May/2016:22:20:45 +0000] "GET /home.js HTTP/1.1" 200 1607 "http://localhost:3000/" "Mozilla/5.0 (Windows NT 6.1; WOW64) AppleWebKit/537.36 (KHTML, like Gecko) Chrome/50.0.2661.102 Safari/537.36"
::1 - - [22/May/2016:22:20:47 +0000] "GET /admin/rooms HTTP/1.1" 200 2393 "http://localhost:3000/" "Mozilla/5.0 (Windows NT 6.1; WOW64) AppleWebKit/537.36 (KHTML, like Gecko) Chrome/50.0.2661.102 Safari/537.36"
::1 - - [22/May/2016:22:20:48 +0000] "GET /style.css HTTP/1.1" 304 - "http://localhost:3000/admin/rooms" "Mozilla/5.0 (Windows NT 6.1; WOW64) AppleWebKit/537.36 (KHTML, like Gecko) Chrome/50.0.2661.102 Safari/537.36"
::1 - - [22/May/2016:22:20:48 +0000] "GET /css/bootstrap.min.css HTTP/1.1" 304 - "http://localhost:3000/admin/rooms" "Mozilla/5.0 (Windows NT 6.1; WOW64) AppleWebKit/537.36 (KHTML, like Gecko) Chrome/50.0.2661.102 Safari/537.36"
::1 - - [22/May/2016:22:20:48 +0000] "GET /fonts/glyphicons-halflings-regular.woff2 HTTP/1.1" 304 - "http://localhost:3000/admin/rooms/add" "Mozilla/5.0 (Windows NT 6.1; WOW64) AppleWebKit/537.36 (KHTML, like Gecko) Chrome/50.0.2661.102 Safari/537.36"
::1 - - [22/May/2016:22:20:51 +0000] "GET /admin/rooms/add HTTP/1.1" 200 1121 "http://localhost:3000/admin/rooms" "Mozilla/5.0 (Windows NT 6.1; WOW64) AppleWebKit/537.36 (KHTML, like Gecko) Chrome/50.0.2661.102 Safari/537.36"
::1 - - [22/May/2016:22:20:51 +0000] "GET /style.css HTTP/1.1" 304 - "http://localhost:3000/admin/rooms/add" "Mozilla/5.0 (Windows NT 6.1; WOW64) AppleWebKit/537.36 (KHTML, like Gecko) Chrome/50.0.2661.102 Safari/537.36"
::1 - - [22/May/2016:22:20:51 +0000] "GET /css/bootstrap.min.css HTTP/1.1" 304 - "http://localhost:3000/admin/rooms/add" "Mozilla/5.0 (Windows NT 6.1; WOW64) AppleWebKit/537.36 (KHTML, like Gecko) Chrome/50.0.2661.102 Safari/537.36"
::1 - - [22/May/2016:22:20:53 +0000] "POST /admin/rooms/add HTTP/1.1" 302 68 "http://localhost:3000/admin/rooms/add" "Mozilla/5.0 (Windows NT 6.1; WOW64) AppleWebKit/537.36 (KHTML, like Gecko) Chrome/50.0.2661.102 Safari/537.36"
::1 - - [22/May/2016:22:20:53 +0000] "GET /admin/rooms HTTP/1.1" 200 2766 "http://localhost:3000/admin/rooms/add" "Mozilla/5.0 (Windows NT 6.1; WOW64) AppleWebKit/537.36 (KHTML, like Gecko) Chrome/50.0.2661.102 Safari/537.36"
::1 - - [22/May/2016:22:20:54 +0000] "GET /style.css HTTP/1.1" 304 - "http://localhost:3000/admin/rooms" "Mozilla/5.0 (Windows NT 6.1; WOW64) AppleWebKit/537.36 (KHTML, like Gecko) Chrome/50.0.2661.102 Safari/537.36"
::1 - - [22/May/2016:22:20:54 +0000] "GET /css/bootstrap.min.css HTTP/1.1" 304 - "http://localhost:3000/admin/rooms" "Mozilla/5.0 (Windows NT 6.1; WOW64) AppleWebKit/537.36 (KHTML, like Gecko) Chrome/50.0.2661.102 Safari/537.36"
::1 - - [22/May/2016:22:20:54 +0000] "GET /fonts/glyphicons-halflings-regular.woff2 HTTP/1.1" 304 - "http://localhost:3000/admin/rooms/add" "Mozilla/5.0 (Windows NT 6.1; WOW64) AppleWebKit/537.36 (KHTML, like Gecko) Chrome/50.0.2661.102 Safari/537.36"
::1 - - [22/May/2016:22:20:55 +0000] "GET /admin/rooms/edit/3c3c7ae8-6f8e-4136-9c8c-308a1fd2a9ec HTTP/1.1" 200 1128 "http://localhost:3000/admin/rooms" "Mozilla/5.0 (Windows NT 6.1; WOW64) AppleWebKit/537.36 (KHTML, like Gecko) Chrome/50.0.2661.102 Safari/537.36"
::1 - - [22/May/2016:22:20:55 +0000] "GET /style.css HTTP/1.1" 304 - "http://localhost:3000/admin/rooms/edit/3c3c7ae8-6f8e-4136-9c8c-308a1fd2a9ec" "Mozilla/5.0 (Windows NT 6.1; WOW64) AppleWebKit/537.36 (KHTML, like Gecko) Chrome/50.0.2661.102 Safari/537.36"
::1 - - [22/May/2016:22:20:55 +0000] "GET /css/bootstrap.min.css HTTP/1.1" 304 - "http://localhost:3000/admin/rooms/edit/3c3c7ae8-6f8e-4136-9c8c-308a1fd2a9ec" "Mozilla/5.0 (Windows NT 6.1; WOW64) AppleWebKit/537.36 (KHTML, like Gecko) Chrome/50.0.2661.102 Safari/537.36"
::1 - - [22/May/2016:22:20:57 +0000] "POST /admin/rooms/edit/3c3c7ae8-6f8e-4136-9c8c-308a1fd2a9ec HTTP/1.1" 302 68 "http://localhost:3000/admin/rooms/edit/3c3c7ae8-6f8e-4136-9c8c-308a1fd2a9ec" "Mozilla/5.0 (Windows NT 6.1; WOW64) AppleWebKit/537.36 (KHTML, like Gecko) Chrome/50.0.2661.102 Safari/537.36"
::1 - - [22/May/2016:22:20:57 +0000] "GET /admin/rooms HTTP/1.1" 200 2770 "http://localhost:3000/admin/rooms/edit/3c3c7ae8-6f8e-4136-9c8c-308a1fd2a9ec" "Mozilla/5.0 (Windows NT 6.1; WOW64) AppleWebKit/537.36 (KHTML, like Gecko) Chrome/50.0.2661.102 Safari/537.36"
::1 - - [22/May/2016:22:20:57 +0000] "GET /style.css HTTP/1.1" 304 - "http://localhost:3000/admin/rooms" "Mozilla/5.0 (Windows NT 6.1; WOW64) AppleWebKit/537.36 (KHTML, like Gecko) Chrome/50.0.2661.102 Safari/537.36"
::1 - - [22/May/2016:22:20:57 +0000] "GET /css/bootstrap.min.css HTTP/1.1" 304 - "http://localhost:3000/admin/rooms" "Mozilla/5.0 (Windows NT 6.1; WOW64) AppleWebKit/537.36 (KHTML, like Gecko) Chrome/50.0.2661.102 Safari/537.36"
::1 - - [22/May/2016:22:20:57 +0000] "GET /fonts/glyphicons-halflings-regular.woff2 HTTP/1.1" 304 - "http://localhost:3000/admin/rooms/edit/3c3c7ae8-6f8e-4136-9c8c-308a1fd2a9ec" "Mozilla/5.0 (Windows NT 6.1; WOW64) AppleWebKit/537.36 (KHTML, like Gecko) Chrome/50.0.2661.102 Safari/537.36"
::1 - - [22/May/2016:22:21:00 +0000] "GET / HTTP/1.1" 304 - "http://localhost:3000/admin/rooms" "Mozilla/5.0 (Windows NT 6.1; WOW64) AppleWebKit/537.36 (KHTML, like Gecko) Chrome/50.0.2661.102 Safari/537.36"
::1 - - [22/May/2016:22:21:00 +0000] "GET /style.css HTTP/1.1" 304 - "http://localhost:3000/" "Mozilla/5.0 (Windows NT 6.1; WOW64) AppleWebKit/537.36 (KHTML, like Gecko) Chrome/50.0.2661.102 Safari/537.36"
::1 - - [22/May/2016:22:21:00 +0000] "GET /home.js HTTP/1.1" 304 - "http://localhost:3000/" "Mozilla/5.0 (Windows NT 6.1; WOW64) AppleWebKit/537.36 (KHTML, like Gecko) Chrome/50.0.2661.102 Safari/537.36"
::1 - - [22/May/2016:22:21:00 +0000] "GET /css/bootstrap.min.css HTTP/1.1" 304 - "http://localhost:3000/" "Mozilla/5.0 (Windows NT 6.1; WOW64) AppleWebKit/537.36 (KHTML, like Gecko) Chrome/50.0.2661.102 Safari/537.36"
::1 - - [22/May/2016:22:21:00 +0000] "GET /jquery.min.js HTTP/1.1" 404 26 "http://localhost:3000/" "Mozilla/5.0 (Windows NT 6.1; WOW64) AppleWebKit/537.36 (KHTML, like Gecko) Chrome/50.0.2661.102 Safari/537.36"
::1 - - [22/May/2016:22:22:26 +0000] "GET / HTTP/1.1" 500 124 "http://localhost:3000/" "Mozilla/5.0 (Windows NT 6.1; WOW64) AppleWebKit/537.36 (KHTML, like Gecko) Chrome/50.0.2661.102 Safari/537.36"
::1 - - [22/May/2016:22:23:06 +0000] "GET / HTTP/1.1" 500 124 "http://localhost:3000/" "Mozilla/5.0 (Windows NT 6.1; WOW64) AppleWebKit/537.36 (KHTML, like Gecko) Chrome/50.0.2661.102 Safari/537.36"
::1 - - [22/May/2016:22:23:11 +0000] "GET / HTTP/1.1" 200 317 "http://localhost:3000/" "Mozilla/5.0 (Windows NT 6.1; WOW64) AppleWebKit/537.36 (KHTML, like Gecko) Chrome/50.0.2661.102 Safari/537.36"
::1 - - [22/May/2016:22:23:12 +0000] "GET / HTTP/1.1" 304 - "http://localhost:3000/" "Mozilla/5.0 (Windows NT 6.1; WOW64) AppleWebKit/537.36 (KHTML, like Gecko) Chrome/50.0.2661.102 Safari/537.36"
::1 - - [22/May/2016:22:23:13 +0000] "GET / HTTP/1.1" 304 - "http://localhost:3000/" "Mozilla/5.0 (Windows NT 6.1; WOW64) AppleWebKit/537.36 (KHTML, like Gecko) Chrome/50.0.2661.102 Safari/537.36"
::1 - - [22/May/2016:22:23:14 +0000] "GET / HTTP/1.1" 304 - "http://localhost:3000/" "Mozilla/5.0 (Windows NT 6.1; WOW64) AppleWebKit/537.36 (KHTML, like Gecko) Chrome/50.0.2661.102 Safari/537.36"
::1 - - [22/May/2016:22:23:16 +0000] "GET / HTTP/1.1" 304 - "-" "Mozilla/5.0 (Windows NT 6.1; WOW64) AppleWebKit/537.36 (KHTML, like Gecko) Chrome/50.0.2661.102 Safari/537.36"
::1 - - [22/May/2016:22:23:18 +0000] "GET / HTTP/1.1" 304 - "-" "Mozilla/5.0 (Windows NT 6.1; WOW64) AppleWebKit/537.36 (KHTML, like Gecko) Chrome/50.0.2661.102 Safari/537.36"
::1 - - [22/May/2016:22:23:39 +0000] "GET /fonts/glyphicons-halflings-regular.woff2 HTTP/1.1" 304 - "http://localhost:3000/" "Mozilla/5.0 (Windows NT 6.1; WOW64) AppleWebKit/537.36 (KHTML, like Gecko) Chrome/50.0.2661.102 Safari/537.36"
::1 - - [22/May/2016:22:23:41 +0000] "GET /admin/rooms HTTP/1.1" 200 2393 "http://localhost:3000/admin/rooms/edit/3c3c7ae8-6f8e-4136-9c8c-308a1fd2a9ec" "Mozilla/5.0 (Windows NT 6.1; WOW64) AppleWebKit/537.36 (KHTML, like Gecko) Chrome/50.0.2661.102 Safari/537.36"
::1 - - [22/May/2016:22:23:41 +0000] "GET /css/bootstrap.min.css HTTP/1.1" 304 - "http://localhost:3000/admin/rooms" "Mozilla/5.0 (Windows NT 6.1; WOW64) AppleWebKit/537.36 (KHTML, like Gecko) Chrome/50.0.2661.102 Safari/537.36"
::1 - - [22/May/2016:22:23:41 +0000] "GET /style.css HTTP/1.1" 200 74 "http://localhost:3000/admin/rooms" "Mozilla/5.0 (Windows NT 6.1; WOW64) AppleWebKit/537.36 (KHTML, like Gecko) Chrome/50.0.2661.102 Safari/537.36"
::1 - - [22/May/2016:22:23:41 +0000] "GET /fonts/glyphicons-halflings-regular.woff2 HTTP/1.1" 304 - "http://localhost:3000/admin/rooms" "Mozilla/5.0 (Windows NT 6.1; WOW64) AppleWebKit/537.36 (KHTML, like Gecko) Chrome/50.0.2661.102 Safari/537.36"
::1 - - [22/May/2016:22:23:43 +0000] "GET /admin/rooms HTTP/1.1" 304 - "http://localhost:3000/admin/rooms" "Mozilla/5.0 (Windows NT 6.1; WOW64) AppleWebKit/537.36 (KHTML, like Gecko) Chrome/50.0.2661.102 Safari/537.36"
::1 - - [22/May/2016:22:23:43 +0000] "GET /style.css HTTP/1.1" 304 - "http://localhost:3000/admin/rooms" "Mozilla/5.0 (Windows NT 6.1; WOW64) AppleWebKit/537.36 (KHTML, like Gecko) Chrome/50.0.2661.102 Safari/537.36"
::1 - - [22/May/2016:22:23:43 +0000] "GET /css/bootstrap.min.css HTTP/1.1" 304 - "http://localhost:3000/admin/rooms" "Mozilla/5.0 (Windows NT 6.1; WOW64) AppleWebKit/537.36 (KHTML, like Gecko) Chrome/50.0.2661.102 Safari/537.36"
::1 - - [22/May/2016:22:23:43 +0000] "GET /fonts/glyphicons-halflings-regular.woff2 HTTP/1.1" 304 - "http://localhost:3000/admin/rooms" "Mozilla/5.0 (Windows NT 6.1; WOW64) AppleWebKit/537.36 (KHTML, like Gecko) Chrome/50.0.2661.102 Safari/537.36"
::1 - - [22/May/2016:22:23:45 +0000] "GET / HTTP/1.1" 304 - "http://localhost:3000/admin/rooms" "Mozilla/5.0 (Windows NT 6.1; WOW64) AppleWebKit/537.36 (KHTML, like Gecko) Chrome/50.0.2661.102 Safari/537.36"
